\BOOKMARK [1][-]{section*.1}{Images}{}% 1
\BOOKMARK [2][-]{section*.2}{BMP Format}{section*.1}% 2
\BOOKMARK [3][-]{section*.3}{File Header}{section*.2}% 3
\BOOKMARK [3][-]{section*.4}{Info Header}{section*.2}% 4
\BOOKMARK [3][-]{section*.5}{Color Palette}{section*.2}% 5
\BOOKMARK [1][-]{section*.6}{Arithmetic Operations}{}% 6
\BOOKMARK [2][-]{section*.7}{Addition}{section*.6}% 7
\BOOKMARK [3][-]{section*.8}{Overflow}{section*.7}% 8
\BOOKMARK [2][-]{section*.9}{Subtraction}{section*.6}% 9
\BOOKMARK [3][-]{section*.10}{Overflow}{section*.9}% 10
\BOOKMARK [2][-]{section*.11}{Multiplication}{section*.6}% 11
\BOOKMARK [2][-]{section*.12}{Division}{section*.6}% 12
\BOOKMARK [2][-]{section*.13}{Blending}{section*.6}% 13
\BOOKMARK [2][-]{section*.14}{Logical Operators}{section*.6}% 14
\BOOKMARK [3][-]{section*.15}{Or}{section*.14}% 15
\BOOKMARK [2][-]{section*.16}{Bitshift Operators}{section*.6}% 16
\BOOKMARK [1][-]{section*.17}{Geometric Operations}{}% 17
\BOOKMARK [2][-]{section*.18}{Translation}{section*.17}% 18
\BOOKMARK [2][-]{section*.19}{Rotation}{section*.17}% 19
\BOOKMARK [2][-]{section*.20}{Scaling}{section*.17}% 20
\BOOKMARK [3][-]{section*.21}{Subsampling}{section*.20}% 21
\BOOKMARK [3][-]{section*.22}{Upsampling}{section*.20}% 22
\BOOKMARK [2][-]{section*.23}{Reflection}{section*.17}% 23
\BOOKMARK [1][-]{section*.24}{Affine Transformation}{}% 24
\BOOKMARK [1][-]{section*.25}{Homography Transformation}{}% 25
\BOOKMARK [1][-]{section*.26}{Digital Filters}{}% 26
\BOOKMARK [2][-]{section*.27}{Linear Filters}{section*.26}% 27
\BOOKMARK [2][-]{section*.28}{Non-linear Filters}{section*.26}% 28
